<?xml version="1.0" encoding="utf-8"?><testsuites name="pytest tests"><testsuite name="pytest" errors="0" failures="0" skipped="0" tests="12" time="6.454" timestamp="2026-08-20T02:24:02.875588+00:00" hostname="agent-env-96342b8f-cf72-4e63-831d-67beb4ac8058"><testcase classname="tests.backend_test.TestClaimSpot" name="test_create_returns_referral_code" time="1.823" /><testcase classname="tests.backend_test.TestContact" name="test_contact_success" time="0.584" /><testcase classname="tests.backend_test.TestContact" name="test_contact_email_sent_true" time="0.287" /><testcase classname="tests.backend_test.TestContact" name="test_contact_default_topic_and_validation" time="0.419" /><testcase classname="tests.backend_test.TestContact" name="test_contact_html_injection_escaped" time="0.375" /><testcase classname="tests.backend_test.TestReferral" name="test_valid_code" time="1.320" /><testcase classname="tests.backend_test.TestClaimSpot" name="test_idempotent_by_email" time="1.474" /><testcase classname="tests.backend_test.TestReferral" name="test_invalid_code" time="0.084" /><testcase classname="tests.backend_test.TestPersistence" name="test_contact_persisted_in_mongo" time="0.382" /><testcase classname="tests.backend_test.TestClaimSpot" name="test_referral_sets_referred_by" time="2.423" /><testcase classname="tests.backend_test.TestPersistence" name="test_claim_persisted_in_mongo" time="1.500" /><testcase classname="tests.backend_test.TestClaimSpot" name="test_invalid_email_422" time="0.049" /></testsuite></testsuites>