<?xml version="1.0" encoding="utf-8"?><testsuites name="pytest tests"><testsuite name="pytest" errors="0" failures="0" skipped="0" tests="7" time="1.134" timestamp="2026-07-03T00:53:42.961736+00:00" hostname="agent-env-96342b8f-cf72-4e63-831d-67beb4ac8058"><testcase classname="tests.backend_test.TestReferral" name="test_valid_code" time="0.373" /><testcase classname="tests.backend_test.TestClaimSpot" name="test_create_returns_referral_code" time="0.271" /><testcase classname="tests.backend_test.TestClaimSpot" name="test_idempotent_by_email" time="0.097" /><testcase classname="tests.backend_test.TestClaimSpot" name="test_referral_sets_referred_by" time="0.098" /><testcase classname="tests.backend_test.TestReferral" name="test_invalid_code" time="0.055" /><testcase classname="tests.backend_test.TestContact" name="test_contact_success" time="0.120" /><testcase classname="tests.backend_test.TestClaimSpot" name="test_invalid_email_422" time="0.082" /></testsuite></testsuites>